\BOOKMARK [1][-]{section.1}{\376\377\200\003\213\325\173\126\165\145\220\037\211\310}{}% 1
\BOOKMARK [2][-]{subsection.1.1}{\376\377\230\230\127\213\117\030\121\110\176\247\167\351\226\065}{section.1}% 2
\BOOKMARK [2][-]{subsection.1.2}{\376\377\145\366\225\364\122\006\221\115\136\372\213\256\000\040\000\050\0009\0000\122\006\224\237\000\051}{section.1}% 3
\BOOKMARK [1][-]{section.2}{\376\377\145\160\120\074\174\373\176\337\133\236\142\030}{}% 4
\BOOKMARK [2][-]{subsection.2.1}{\376\377\150\070\137\303\151\202\137\365\220\037\213\260}{section.2}% 5
\BOOKMARK [2][-]{subsection.2.2}{\376\377\210\145\170\001\217\154\143\142\000\040\000-\000\040\142\113\142\212\142\113}{section.2}% 6
\BOOKMARK [2][-]{subsection.2.3}{\376\377\152\041\217\320\173\227\000\040\000-\000\040\121\163\225\056\200\003\160\271}{section.2}% 7
\BOOKMARK [2][-]{subsection.2.4}{\376\377\156\242\121\372\122\044\145\255}{section.2}% 8
\BOOKMARK [2][-]{subsection.2.5}{\376\377\173\046\123\367\142\151\134\125}{section.2}% 9
\BOOKMARK [2][-]{subsection.2.6}{\376\377\137\353\220\037\217\154\143\142\210\150}{section.2}% 10
\BOOKMARK [1][-]{section.3}{\376\377\136\003\134\024\116\343\145\160\116\016\000K\000-\000M\000a\000p}{}% 11
\BOOKMARK [2][-]{subsection.3.1}{\376\377\136\003\134\024\116\343\145\160\220\037\147\345}{section.3}% 12
\BOOKMARK [2][-]{subsection.3.2}{\376\377\123\141\213\372\126\376\000\040\000-\000\040\0004\123\330\221\317\150\007\121\306\152\041\147\177}{section.3}% 13
\BOOKMARK [2][-]{subsection.3.3}{\376\377\000K\000-\000M\000a\000p\127\010\154\325\211\304\122\031}{section.3}% 14
\BOOKMARK [2][-]{subsection.3.4}{\376\377\000P\000O\000S\137\142\137\017\123\026\173\200}{section.3}% 15
\BOOKMARK [2][-]{subsection.3.5}{\376\377\000D\000o\000n\000'\000t\000\040\000C\000a\000r\000e\147\141\116\366}{section.3}% 16
\BOOKMARK [1][-]{section.4}{\376\377\000R\000S\225\001\133\130\126\150\116\016\231\231\121\234\134\125\137\000}{}% 17
\BOOKMARK [2][-]{subsection.4.1}{\376\377\000R\000S\225\001\133\130\126\150\127\372\170\100}{section.4}% 18
\BOOKMARK [2][-]{subsection.4.2}{\376\377\000N\000O\000R\127\213\000\040\000v\000s\000\040\000N\000A\000N\000D\127\213}{section.4}% 19
\BOOKMARK [2][-]{subsection.4.3}{\376\377\000R\000S\225\001\133\130\126\150\162\266\140\001\122\006\147\220}{section.4}% 20
\BOOKMARK [2][-]{subsection.4.4}{\376\377\231\231\121\234\134\125\137\000\000\040\000-\000\040\150\070\137\303\200\003\160\271}{section.4}% 21
\BOOKMARK [2][-]{subsection.4.5}{\376\377\131\032\123\330\221\317\231\231\121\234\134\125\137\000}{section.4}% 22
\BOOKMARK [2][-]{subsection.4.6}{\376\377\231\231\121\234\134\125\137\000\116\016\000M\000U\000X\133\236\163\260}{section.4}% 23
\BOOKMARK [1][-]{section.5}{\376\377\131\004\164\006\126\150\155\101\154\064\176\277}{}% 24
\BOOKMARK [2][-]{subsection.5.1}{\376\377\155\101\154\064\176\277\127\372\170\100}{section.5}% 25
\BOOKMARK [2][-]{subsection.5.2}{\376\377\155\101\154\064\176\277\145\366\136\217\126\376}{section.5}% 26
\BOOKMARK [2][-]{subsection.5.3}{\376\377\155\101\154\064\176\277\000H\000a\000z\000a\000r\000d\122\006\174\173}{section.5}% 27
\BOOKMARK [2][-]{subsection.5.4}{\376\377\145\160\143\156\121\262\172\201\213\346\211\343}{section.5}% 28
\BOOKMARK [2][-]{subsection.5.5}{\376\377\000F\000o\000r\000w\000a\000r\000d\000i\000n\000g\000\040\000\050\145\301\215\357\000\051}{section.5}% 29
\BOOKMARK [2][-]{subsection.5.6}{\376\377\000L\000o\000a\000d\000-\000U\000s\000e\000\040\000H\000a\000z\000a\000r\000d}{section.5}% 30
\BOOKMARK [2][-]{subsection.5.7}{\376\377\000S\000t\000a\000l\000l\116\016\140\047\200\375\213\241\173\227}{section.5}% 31
\BOOKMARK [2][-]{subsection.5.8}{\376\377\155\101\154\064\176\277\140\047\200\375\121\154\137\017}{section.5}% 32
\BOOKMARK [2][-]{subsection.5.9}{\376\377\122\006\145\057\131\004\164\006\173\126\165\145}{section.5}% 33
\BOOKMARK [1][-]{section.6}{\376\377\220\037\147\345\210\150}{}% 34
\BOOKMARK [2][-]{subsection.6.1}{\376\377\145\160\120\074\174\373\176\337}{section.6}% 35
\BOOKMARK [2][-]{subsection.6.2}{\376\377\123\141\213\372\126\376}{section.6}% 36
\BOOKMARK [2][-]{subsection.6.3}{\376\377\000R\000S\225\001\133\130\126\150}{section.6}% 37
\BOOKMARK [2][-]{subsection.6.4}{\376\377\231\231\121\234\134\125\137\000}{section.6}% 38
\BOOKMARK [2][-]{subsection.6.5}{\376\377\155\101\154\064\176\277}{section.6}% 39
\BOOKMARK [2][-]{subsection.6.6}{\376\377\136\003\134\024\116\343\145\160}{section.6}% 40
\BOOKMARK [2][-]{subsection.6.7}{\376\377\136\070\165\050\145\160\120\074}{section.6}% 41
